0 info it worked if it ends with ok
1 verbose cli [ 'C:\\Program Files\\nodejs\\node.exe',
1 verbose cli   'C:\\Program Files\\nodejs\\node_modules\\npm\\bin\\npm-cli.js',
1 verbose cli   'install',
1 verbose cli   'ngRoute' ]
2 info using npm@2.14.20
3 info using node@v4.4.0
4 verbose install initial load of d:\Documents\David\Javascript\ProjetRetB\package.json
5 verbose installManyTop reading scoped package data from d:\Documents\David\Javascript\ProjetRetB\node_modules\accepts\package.json
6 verbose installManyTop reading scoped package data from d:\Documents\David\Javascript\ProjetRetB\node_modules\after\package.json
7 verbose installManyTop reading scoped package data from d:\Documents\David\Javascript\ProjetRetB\node_modules\arraybuffer.slice\package.json
8 verbose installManyTop reading scoped package data from d:\Documents\David\Javascript\ProjetRetB\node_modules\asap\package.json
9 verbose installManyTop reading scoped package data from d:\Documents\David\Javascript\ProjetRetB\node_modules\async\package.json
10 verbose installManyTop reading scoped package data from d:\Documents\David\Javascript\ProjetRetB\node_modules\backo2\package.json
11 verbose installManyTop reading scoped package data from d:\Documents\David\Javascript\ProjetRetB\node_modules\base64-arraybuffer\package.json
12 verbose installManyTop reading scoped package data from d:\Documents\David\Javascript\ProjetRetB\node_modules\base64id\package.json
13 verbose installManyTop reading scoped package data from d:\Documents\David\Javascript\ProjetRetB\node_modules\benchmark\package.json
14 verbose installManyTop reading scoped package data from d:\Documents\David\Javascript\ProjetRetB\node_modules\better-assert\package.json
15 verbose installManyTop reading scoped package data from d:\Documents\David\Javascript\ProjetRetB\node_modules\blob\package.json
16 verbose installManyTop reading scoped package data from d:\Documents\David\Javascript\ProjetRetB\node_modules\bluebird\package.json
17 verbose installManyTop reading scoped package data from d:\Documents\David\Javascript\ProjetRetB\node_modules\body-parser\package.json
18 verbose installManyTop reading scoped package data from d:\Documents\David\Javascript\ProjetRetB\node_modules\bower\package.json
19 verbose installManyTop reading scoped package data from d:\Documents\David\Javascript\ProjetRetB\node_modules\bson\package.json
20 verbose installManyTop reading scoped package data from d:\Documents\David\Javascript\ProjetRetB\node_modules\callsite\package.json
21 verbose installManyTop reading scoped package data from d:\Documents\David\Javascript\ProjetRetB\node_modules\component-bind\package.json
22 verbose installManyTop reading scoped package data from d:\Documents\David\Javascript\ProjetRetB\node_modules\component-emitter\package.json
23 verbose installManyTop reading scoped package data from d:\Documents\David\Javascript\ProjetRetB\node_modules\component-inherit\package.json
24 verbose installManyTop reading scoped package data from d:\Documents\David\Javascript\ProjetRetB\node_modules\connect\package.json
25 verbose installManyTop reading scoped package data from d:\Documents\David\Javascript\ProjetRetB\node_modules\core-util-is\package.json
26 verbose installManyTop reading scoped package data from d:\Documents\David\Javascript\ProjetRetB\node_modules\debug\package.json
27 verbose installManyTop reading scoped package data from d:\Documents\David\Javascript\ProjetRetB\node_modules\destroy\package.json
28 verbose installManyTop reading scoped package data from d:\Documents\David\Javascript\ProjetRetB\node_modules\eibd\package.json
29 verbose installManyTop reading scoped package data from d:\Documents\David\Javascript\ProjetRetB\node_modules\engine.io\package.json
30 verbose installManyTop reading scoped package data from d:\Documents\David\Javascript\ProjetRetB\node_modules\engine.io-client\package.json
31 verbose installManyTop reading scoped package data from d:\Documents\David\Javascript\ProjetRetB\node_modules\engine.io-parser\package.json
32 verbose installManyTop reading scoped package data from d:\Documents\David\Javascript\ProjetRetB\node_modules\es6-promise\package.json
33 verbose installManyTop reading scoped package data from d:\Documents\David\Javascript\ProjetRetB\node_modules\express\package.json
34 verbose installManyTop reading scoped package data from d:\Documents\David\Javascript\ProjetRetB\node_modules\has-binary\package.json
35 verbose installManyTop reading scoped package data from d:\Documents\David\Javascript\ProjetRetB\node_modules\has-cors\package.json
36 verbose installManyTop reading scoped package data from d:\Documents\David\Javascript\ProjetRetB\node_modules\hooks-fixed\package.json
37 verbose installManyTop reading scoped package data from d:\Documents\David\Javascript\ProjetRetB\node_modules\indexof\package.json
38 verbose installManyTop reading scoped package data from d:\Documents\David\Javascript\ProjetRetB\node_modules\inherits\package.json
39 verbose installManyTop reading scoped package data from d:\Documents\David\Javascript\ProjetRetB\node_modules\isarray\package.json
40 verbose installManyTop reading scoped package data from d:\Documents\David\Javascript\ProjetRetB\node_modules\json3\package.json
41 verbose installManyTop reading scoped package data from d:\Documents\David\Javascript\ProjetRetB\node_modules\kareem\package.json
42 verbose installManyTop reading scoped package data from d:\Documents\David\Javascript\ProjetRetB\node_modules\knx.js\package.json
43 verbose installManyTop reading scoped package data from d:\Documents\David\Javascript\ProjetRetB\node_modules\mime\package.json
44 verbose installManyTop reading scoped package data from d:\Documents\David\Javascript\ProjetRetB\node_modules\mime-db\package.json
45 verbose installManyTop reading scoped package data from d:\Documents\David\Javascript\ProjetRetB\node_modules\mime-types\package.json
46 verbose installManyTop reading scoped package data from d:\Documents\David\Javascript\ProjetRetB\node_modules\mongodb\package.json
47 verbose installManyTop reading scoped package data from d:\Documents\David\Javascript\ProjetRetB\node_modules\mongodb-core\package.json
48 verbose installManyTop reading scoped package data from d:\Documents\David\Javascript\ProjetRetB\node_modules\mongoose\package.json
49 verbose installManyTop reading scoped package data from d:\Documents\David\Javascript\ProjetRetB\node_modules\mpath\package.json
50 verbose installManyTop reading scoped package data from d:\Documents\David\Javascript\ProjetRetB\node_modules\mpromise\package.json
51 verbose installManyTop reading scoped package data from d:\Documents\David\Javascript\ProjetRetB\node_modules\mquery\package.json
52 verbose installManyTop reading scoped package data from d:\Documents\David\Javascript\ProjetRetB\node_modules\ms\package.json
53 verbose installManyTop reading scoped package data from d:\Documents\David\Javascript\ProjetRetB\node_modules\muri\package.json
54 verbose installManyTop reading scoped package data from d:\Documents\David\Javascript\ProjetRetB\node_modules\negotiator\package.json
55 verbose installManyTop reading scoped package data from d:\Documents\David\Javascript\ProjetRetB\node_modules\npm\package.json
56 verbose installManyTop reading scoped package data from d:\Documents\David\Javascript\ProjetRetB\node_modules\object-component\package.json
57 verbose installManyTop reading scoped package data from d:\Documents\David\Javascript\ProjetRetB\node_modules\options\package.json
58 verbose installManyTop reading scoped package data from d:\Documents\David\Javascript\ProjetRetB\node_modules\parsejson\package.json
59 verbose installManyTop reading scoped package data from d:\Documents\David\Javascript\ProjetRetB\node_modules\parseqs\package.json
60 verbose installManyTop reading scoped package data from d:\Documents\David\Javascript\ProjetRetB\node_modules\parseuri\package.json
61 verbose installManyTop reading scoped package data from d:\Documents\David\Javascript\ProjetRetB\node_modules\path\package.json
62 verbose installManyTop reading scoped package data from d:\Documents\David\Javascript\ProjetRetB\node_modules\promise\package.json
63 verbose installManyTop reading scoped package data from d:\Documents\David\Javascript\ProjetRetB\node_modules\readable-stream\package.json
64 verbose installManyTop reading scoped package data from d:\Documents\David\Javascript\ProjetRetB\node_modules\regexp-clone\package.json
65 verbose installManyTop reading scoped package data from d:\Documents\David\Javascript\ProjetRetB\node_modules\require_optional\package.json
66 verbose installManyTop reading scoped package data from d:\Documents\David\Javascript\ProjetRetB\node_modules\resolve-from\package.json
67 verbose installManyTop reading scoped package data from d:\Documents\David\Javascript\ProjetRetB\node_modules\semver\package.json
68 verbose installManyTop reading scoped package data from d:\Documents\David\Javascript\ProjetRetB\node_modules\sliced\package.json
69 verbose installManyTop reading scoped package data from d:\Documents\David\Javascript\ProjetRetB\node_modules\socket.io\package.json
70 verbose installManyTop reading scoped package data from d:\Documents\David\Javascript\ProjetRetB\node_modules\socket.io-adapter\package.json
71 verbose installManyTop reading scoped package data from d:\Documents\David\Javascript\ProjetRetB\node_modules\socket.io-client\package.json
72 verbose installManyTop reading scoped package data from d:\Documents\David\Javascript\ProjetRetB\node_modules\socket.io-parser\package.json
73 verbose installManyTop reading scoped package data from d:\Documents\David\Javascript\ProjetRetB\node_modules\string_decoder\package.json
74 verbose installManyTop reading scoped package data from d:\Documents\David\Javascript\ProjetRetB\node_modules\to-array\package.json
75 verbose installManyTop reading scoped package data from d:\Documents\David\Javascript\ProjetRetB\node_modules\ui-router\package.json
76 verbose installManyTop reading scoped package data from d:\Documents\David\Javascript\ProjetRetB\node_modules\ultron\package.json
77 verbose installManyTop reading scoped package data from d:\Documents\David\Javascript\ProjetRetB\node_modules\utf8\package.json
78 verbose installManyTop reading scoped package data from d:\Documents\David\Javascript\ProjetRetB\node_modules\util\package.json
79 verbose installManyTop reading scoped package data from d:\Documents\David\Javascript\ProjetRetB\node_modules\ws\package.json
80 verbose installManyTop reading scoped package data from d:\Documents\David\Javascript\ProjetRetB\node_modules\xmlhttprequest\package.json
81 verbose installManyTop reading scoped package data from d:\Documents\David\Javascript\ProjetRetB\node_modules\xmlhttprequest-ssl\package.json
82 verbose installManyTop reading scoped package data from d:\Documents\David\Javascript\ProjetRetB\node_modules\yeast\package.json
83 info package.json after@0.8.1 No license field.
84 info package.json asap@2.0.3 license should be a valid SPDX license expression
85 info package.json base64id@0.1.0 No license field.
86 info package.json better-assert@1.0.2 No license field.
87 info package.json benchmark@1.0.0 No license field.
88 info package.json arraybuffer.slice@0.0.6 No license field.
89 info package.json component-bind@1.0.0 No license field.
90 info package.json component-emitter@1.1.2 No license field.
91 info package.json component-inherit@0.0.3 No license field.
92 info package.json engine.io-parser@1.2.4 No license field.
93 info package.json has-binary@0.1.7 No repository field.
94 info package.json callsite@1.0.0 No repository field.
95 info package.json callsite@1.0.0 No license field.
96 info package.json hooks-fixed@1.1.0 No license field.
97 info package.json indexof@0.0.1 No repository field.
98 info package.json indexof@0.0.1 No license field.
99 info package.json json3@3.2.6 No license field.
100 info package.json kareem@1.0.1 license should be a valid SPDX license expression
101 info package.json mime@1.2.11 No license field.
102 info package.json ms@0.7.1 No license field.
103 info package.json blob@0.0.4 No license field.
104 info package.json options@0.0.6 No license field.
105 info package.json parsejson@0.0.1 No repository field.
106 info package.json parseqs@0.0.2 No repository field.
107 info package.json base64-arraybuffer@0.1.2 No license field.
108 info package.json path@0.12.7 path is also the name of a node core module.
109 info package.json object-component@0.0.3 No repository field.
110 info package.json object-component@0.0.3 No license field.
111 info package.json to-array@0.1.4 No license field.
112 info package.json string_decoder@0.10.31 string_decoder is also the name of a node core module.
113 info package.json util@0.10.3 util is also the name of a node core module.
114 info package.json xmlhttprequest-ssl@1.5.1 No license field.
115 info package.json eibd@0.3.4 No license field.
116 info package.json knx.js@0.6.4 license should be a valid SPDX license expression
117 info package.json npm@3.7.3 Non-dependency in bundleDependencies: ansi-regex
118 info package.json npm@3.7.3 Non-dependency in bundleDependencies: debuglog
119 info package.json npm@3.7.3 Non-dependency in bundleDependencies: imurmurhash
120 info package.json npm@3.7.3 Non-dependency in bundleDependencies: lodash._baseindexof
121 info package.json npm@3.7.3 Non-dependency in bundleDependencies: lodash._baseuniq
122 info package.json npm@3.7.3 Non-dependency in bundleDependencies: lodash._bindcallback
123 info package.json npm@3.7.3 Non-dependency in bundleDependencies: lodash._cacheindexof
124 info package.json npm@3.7.3 Non-dependency in bundleDependencies: lodash._createcache
125 info package.json npm@3.7.3 Non-dependency in bundleDependencies: lodash._getnative
126 info package.json npm@3.7.3 Non-dependency in bundleDependencies: lodash.restparam
127 info package.json npm@3.7.3 Non-dependency in bundleDependencies: readdir-scoped-modules
128 info package.json npm@3.7.3 Non-dependency in bundleDependencies: strip-ansi
129 info package.json npm@3.7.3 Non-dependency in bundleDependencies: validate-npm-package-license
130 verbose readDependencies loading dependencies from d:\Documents\David\Javascript\ProjetRetB\package.json
131 silly cache add args [ 'ngRoute', null ]
132 verbose cache add spec ngRoute
133 silly cache add parsed spec Result {
133 silly cache add   raw: 'ngRoute',
133 silly cache add   scope: null,
133 silly cache add   name: 'ngRoute',
133 silly cache add   rawSpec: '',
133 silly cache add   spec: 'latest',
133 silly cache add   type: 'tag' }
134 silly addNamed ngRoute@latest
135 verbose addNamed "latest" is being treated as a dist-tag for ngRoute
136 info addNameTag [ 'ngRoute', 'latest' ]
137 silly mapToRegistry name ngRoute
138 silly mapToRegistry using default registry
139 silly mapToRegistry registry https://registry.npmjs.org/
140 silly mapToRegistry uri https://registry.npmjs.org/ngRoute
141 verbose addNameTag registry:https://registry.npmjs.org/ngRoute not in flight; fetching
142 verbose request uri https://registry.npmjs.org/ngRoute
143 verbose request no auth needed
144 info attempt registry request try #1 at 22:52:20
145 verbose request id 53118470950f9919
146 http request GET https://registry.npmjs.org/ngRoute
147 http 404 https://registry.npmjs.org/ngRoute
148 verbose headers { 'content-type': 'application/json',
148 verbose headers   'cache-control': 'max-age=0',
148 verbose headers   'content-length': '2',
148 verbose headers   'accept-ranges': 'bytes',
148 verbose headers   date: 'Wed, 11 May 2016 20:52:20 GMT',
148 verbose headers   via: '1.1 varnish',
148 verbose headers   age: '0',
148 verbose headers   connection: 'keep-alive',
148 verbose headers   'x-served-by': 'cache-fra1228-FRA',
148 verbose headers   'x-cache': 'MISS',
148 verbose headers   'x-cache-hits': '0',
148 verbose headers   'x-timer': 'S1462999939.663140,VS0,VE740',
148 verbose headers   vary: 'Accept-Encoding' }
149 silly get cb [ 404,
149 silly get   { 'content-type': 'application/json',
149 silly get     'cache-control': 'max-age=0',
149 silly get     'content-length': '2',
149 silly get     'accept-ranges': 'bytes',
149 silly get     date: 'Wed, 11 May 2016 20:52:20 GMT',
149 silly get     via: '1.1 varnish',
149 silly get     age: '0',
149 silly get     connection: 'keep-alive',
149 silly get     'x-served-by': 'cache-fra1228-FRA',
149 silly get     'x-cache': 'MISS',
149 silly get     'x-cache-hits': '0',
149 silly get     'x-timer': 'S1462999939.663140,VS0,VE740',
149 silly get     vary: 'Accept-Encoding' } ]
150 verbose stack Error: Registry returned 404 for GET on https://registry.npmjs.org/ngRoute
150 verbose stack     at makeError (C:\Program Files\nodejs\node_modules\npm\node_modules\npm-registry-client\lib\request.js:264:12)
150 verbose stack     at CachingRegistryClient.<anonymous> (C:\Program Files\nodejs\node_modules\npm\node_modules\npm-registry-client\lib\request.js:242:14)
150 verbose stack     at Request._callback (C:\Program Files\nodejs\node_modules\npm\node_modules\npm-registry-client\lib\request.js:172:14)
150 verbose stack     at Request.self.callback (C:\Program Files\nodejs\node_modules\npm\node_modules\request\request.js:199:22)
150 verbose stack     at emitTwo (events.js:87:13)
150 verbose stack     at Request.emit (events.js:172:7)
150 verbose stack     at Request.<anonymous> (C:\Program Files\nodejs\node_modules\npm\node_modules\request\request.js:1036:10)
150 verbose stack     at emitOne (events.js:82:20)
150 verbose stack     at Request.emit (events.js:169:7)
150 verbose stack     at IncomingMessage.<anonymous> (C:\Program Files\nodejs\node_modules\npm\node_modules\request\request.js:963:12)
151 verbose statusCode 404
152 verbose pkgid ngRoute
153 verbose cwd d:\Documents\David\Javascript\ProjetRetB
154 error Windows_NT 10.0.10586
155 error argv "C:\\Program Files\\nodejs\\node.exe" "C:\\Program Files\\nodejs\\node_modules\\npm\\bin\\npm-cli.js" "install" "ngRoute"
156 error node v4.4.0
157 error npm  v2.14.20
158 error code E404
159 error 404 Registry returned 404 for GET on https://registry.npmjs.org/ngRoute
159 error 404
159 error 404 'ngRoute' is not in the npm registry.
159 error 404 Your package name is not valid, because
159 error 404
159 error 404  1. name can no longer contain capital letters
159 error 404
159 error 404 Note that you can also install from a
159 error 404 tarball, folder, http url, or git url.
160 verbose exit [ 1, true ]
